This is pdfTeX, Version 3.14159265-2.6-1.40.18 (MiKTeX 2.9.6500 64-bit) (preloaded format=pdflatex 2017.12.12)  24 MAY 2018 11:45
entering extended mode
**./eacl2017.tex
(eacl2017.tex
LaTeX2e <2017-04-15>
Babel <3.15> and hyphenation patterns for 75 language(s) loaded.

("C:\Users\yeachan153\AppData\Local\Programs\MiKTeX 2.9\tex\latex\base\article.
cls"
Document Class: article 2014/09/29 v1.4h Standard LaTeX document class

("C:\Users\yeachan153\AppData\Local\Programs\MiKTeX 2.9\tex\latex\base\size11.c
lo"
File: size11.clo 2014/09/29 v1.4h Standard LaTeX file (size option)
)
\c@part=\count79
\c@section=\count80
\c@subsection=\count81
\c@subsubsection=\count82
\c@paragraph=\count83
\c@subparagraph=\count84
\c@figure=\count85
\c@table=\count86
\abovecaptionskip=\skip41
\belowcaptionskip=\skip42
\bibindent=\dimen102
) (eacl2017.sty
Conference Style for EACL 2017 -- released August 8th, 2016
\titlebox=\skip43
\aclrulerbox=\box26
\aclrulercount=\count87
\aclruleroffset=\dimen103
\cv@lineheight=\dimen104
\cv@boxheight=\dimen105
\cv@tmpbox=\box27
\cv@refno=\count88
\cv@tot=\count89
\cv@tmpc@=\count90
\cv@tmpc=\count91
)
("C:\Users\yeachan153\AppData\Local\Programs\MiKTeX 2.9\tex\latex\psnfss\times.
sty"
Package: times 2005/04/12 PSNFSS-v9.2a (SPQR) 
)
("C:\Users\yeachan153\AppData\Local\Programs\MiKTeX 2.9\tex\latex\url\url.sty"
\Urlmuskip=\muskip10
Package: url 2013/09/16  ver 3.4  Verb mode for urls, etc.
)
("C:\Users\yeachan153\AppData\Local\Programs\MiKTeX 2.9\tex\latex\base\latexsym
.sty"
Package: latexsym 1998/08/17 v2.2e Standard LaTeX package (lasy symbols)
\symlasy=\mathgroup4
LaTeX Font Info:    Overwriting symbol font `lasy' in version `bold'
(Font)                  U/lasy/m/n --> U/lasy/b/n on input line 52.
)
No file eacl2017.aux.
\openout1 = `eacl2017.aux'.

LaTeX Font Info:    Checking defaults for OML/cmm/m/it on input line 51.
LaTeX Font Info:    ... okay on input line 51.
LaTeX Font Info:    Checking defaults for T1/cmr/m/n on input line 51.
LaTeX Font Info:    ... okay on input line 51.
LaTeX Font Info:    Checking defaults for OT1/cmr/m/n on input line 51.
LaTeX Font Info:    ... okay on input line 51.
LaTeX Font Info:    Checking defaults for OMS/cmsy/m/n on input line 51.
LaTeX Font Info:    ... okay on input line 51.
LaTeX Font Info:    Checking defaults for OMX/cmex/m/n on input line 51.
LaTeX Font Info:    ... okay on input line 51.
LaTeX Font Info:    Checking defaults for U/cmr/m/n on input line 51.
LaTeX Font Info:    ... okay on input line 51.
LaTeX Font Info:    Try loading font information for OT1+ptm on input line 51.

("C:\Users\yeachan153\AppData\Local\Programs\MiKTeX 2.9\tex\latex\psnfss\ot1ptm
.fd"
File: ot1ptm.fd 2001/06/04 font definitions for OT1/ptm.
) ABD: EveryShipout initializing macros
LaTeX Font Info:    Font shape `OT1/ptm/bx/n' in size <14.4> not available
(Font)              Font shape `OT1/ptm/b/n' tried instead on input line 52.
LaTeX Font Info:    External font `cmex10' loaded for size
(Font)              <12> on input line 52.
LaTeX Font Info:    External font `cmex10' loaded for size
(Font)              <8> on input line 52.
LaTeX Font Info:    External font `cmex10' loaded for size
(Font)              <6> on input line 52.
LaTeX Font Info:    Try loading font information for U+lasy on input line 52.

("C:\Users\yeachan153\AppData\Local\Programs\MiKTeX 2.9\tex\latex\base\ulasy.fd
"
File: ulasy.fd 1998/08/17 v2.2e LaTeX symbol font definitions
)
LaTeX Font Info:    Font shape `OT1/ptm/bx/n' in size <12> not available
(Font)              Font shape `OT1/ptm/b/n' tried instead on input line 52.
LaTeX Font Info:    Try loading font information for OT1+pcr on input line 52.

("C:\Users\yeachan153\AppData\Local\Programs\MiKTeX 2.9\tex\latex\psnfss\ot1pcr
.fd"
File: ot1pcr.fd 2001/06/04 font definitions for OT1/pcr.
)
LaTeX Font Info:    Font shape `OT1/ptm/bx/n' in size <10.95> not available
(Font)              Font shape `OT1/ptm/b/n' tried instead on input line 89.
LaTeX Font Info:    External font `cmex10' loaded for size
(Font)              <10.95> on input line 91.

Underfull \hbox (badness 1902) in paragraph at lines 91--92
\OT1/ptm/m/n/10.95 able at $\OT1/pcr/m/n/10.95 http : / / eacl2017 . org/$\OT1/
ptm/m/n/10.95 . Please
 []


LaTeX Warning: Reference `ssec:first' on page 1 undefined on input line 100.


LaTeX Warning: Reference `sec:length' on page 1 undefined on input line 104.


Underfull \hbox (badness 1142) in paragraph at lines 107--109
\OT1/ptm/m/n/10.95 of this doc-u-ment, it will com-pile to pro-duce
 []

[1{C:/Users/yeachan153/AppData/Local/MiKTeX/2.9/pdftex/config/pdftex.map}



]
Underfull \hbox (badness 1383) in paragraph at lines 114--121
\OT1/ptm/m/n/10.95 The EACL-2017 style de-fines a printed ruler
 []


Underfull \hbox (badness 10000) in paragraph at lines 133--138
\OT1/ptm/m/n/10.95 EACL pro-vides this de-scrip-tion in
 []


Underfull \hbox (badness 10000) in paragraph at lines 133--138
\OT1/ptm/m/n/10.95 L[]T[]X2e (\OT1/pcr/m/n/9 eacl2017.tex\OT1/ptm/m/n/10.95 ) a
nd PDF for-mat
 []


Underfull \hbox (badness 3838) in paragraph at lines 133--138
\OT1/ptm/m/n/10.95 ACL bib-li-og-ra-phy style (\OT1/pcr/m/n/9 eacl2017.bst\OT1/
ptm/m/n/10.95 ) and
 []


Underfull \hbox (badness 10000) in paragraph at lines 176--182
[][]\OT1/pcr/m/n/10.95 \special{papersize=210mm,297mm}
 []


Underfull \hbox (badness 7685) in paragraph at lines 176--182
[]\OT1/ptm/m/n/10.95 in the la-tex pream-ble (di-rectly be-low the
 []


Underfull \hbox (badness 10000) in paragraph at lines 176--182
[][]\OT1/pcr/m/n/10.95 \usepackage []\OT1/ptm/m/n/10.95 com-mands). Then us-ing

 []

[2]
LaTeX Font Info:    Try loading font information for OMS+ptm on input line 198.


("C:\Users\yeachan153\AppData\Local\Programs\MiKTeX 2.9\tex\latex\psnfss\omsptm
.fd"
File: omsptm.fd 
)
LaTeX Font Info:    Font shape `OMS/ptm/m/n' in size <10.95> not available
(Font)              Font shape `OMS/cmsy/m/n' tried instead on input line 198.


LaTeX Warning: Reference `font-table' on page 3 undefined on input line 258.

LaTeX Font Info:    External font `cmex10' loaded for size
(Font)              <9> on input line 298.
LaTeX Font Info:    External font `cmex10' loaded for size
(Font)              <5> on input line 298.
LaTeX Font Info:    Font shape `OT1/ptm/bx/n' in size <9> not available
(Font)              Font shape `OT1/ptm/b/n' tried instead on input line 301.

Underfull \vbox (badness 2884) has occurred while \output is active []

 [3]

LaTeX Warning: Citation `Gusfield:97' on page 4 undefined on input line 334.


LaTeX Warning: Citation `Gusfield:97' on page 4 undefined on input line 335.


LaTeX Warning: Citation `Gusfield:97' on page 4 undefined on input line 337.


LaTeX Warning: Citation `Aho:72' on page 4 undefined on input line 337.


LaTeX Warning: Citation `Aho:72' on page 4 undefined on input line 340.


LaTeX Warning: Citation `Chandra:81' on page 4 undefined on input line 340.


LaTeX Warning: Citation `Gusfield:97' on page 4 undefined on input line 342.


LaTeX Warning: Citation `Aho:72' on page 4 undefined on input line 342.


LaTeX Warning: Citation `Gusfield:97' on page 4 undefined on input line 349.


LaTeX Warning: Citation `Gusfield:97' on page 4 undefined on input line 353.


LaTeX Warning: Citation `Gusfield:97' on page 4 undefined on input line 363.


LaTeX Warning: Citation `Gusfield:97' on page 4 undefined on input line 367.


LaTeX Warning: Citation `APA:83' on page 4 undefined on input line 381.


LaTeX Warning: Citation `ACM:83' on page 4 undefined on input line 384.


Underfull \hbox (badness 1152) in paragraph at lines 387--390
[]\OT1/ptm/m/n/10.95 The L[]T[]X and BibT[]X style files pro-vided
 []


Underfull \hbox (badness 1142) in paragraph at lines 401--406
\OT1/ptm/b/n/10.95 Illustrations\OT1/ptm/m/n/10.95 : Place fig-ures, ta-bles, a
nd pho-
 []

[4]
LaTeX Font Info:    Font shape `OT1/ptm/bx/n' in size <8> not available
(Font)              Font shape `OT1/ptm/b/n' tried instead on input line 422.

Underfull \hbox (badness 1365) in paragraph at lines 432--441
[]\OT1/ptm/m/n/10.95 We ask you to sub-mit a ZIP file of your
 []


Underfull \hbox (badness 1087) in paragraph at lines 432--441
\OT1/ptm/m/n/10.95 bind-ings al-low La-TeXML to ren-der the com-
 []


Underfull \hbox (badness 1466) in paragraph at lines 432--441
\OT1/ptm/m/n/10.95 pack-ages that are of-fi-cially sup-ported by La-
 []

No file eacl2017.bbl.
[5] (eacl2017.aux)

LaTeX Warning: There were undefined references.


LaTeX Warning: Label(s) may have changed. Rerun to get cross-references right.

 )
(\end occurred when \iffalse on line 331 was incomplete) 
Here is how much of TeX's memory you used:
 577 strings out of 493312
 7878 string characters out of 3127651
 69699 words of memory out of 3000000
 4150 multiletter control sequences out of 15000+200000
 30906 words of font info for 67 fonts, out of 3000000 for 9000
 1141 hyphenation exceptions out of 8191
 23i,17n,19p,387b,327s stack positions out of 5000i,500n,10000p,200000b,50000s
{C:/Users/yeachan153/Ap
pData/Local/Programs/MiKTeX 2.9/fonts/enc/dvips/base/8r.enc}<C:/Users/yeachan15
3/AppData/Local/Programs/MiKTeX 2.9/fonts/type1/public/amsfonts/cm/cmmi10.pfb><
C:/Users/yeachan153/AppData/Local/Programs/MiKTeX 2.9/fonts/type1/public/amsfon
ts/cm/cmr10.pfb><C:/Users/yeachan153/AppData/Local/Programs/MiKTeX 2.9/fonts/ty
pe1/public/amsfonts/cm/cmsy10.pfb><C:/Users/yeachan153/AppData/Local/Programs/M
iKTeX 2.9/fonts/type1/urw/courier/ucrr8a.pfb><C:/Users/yeachan153/AppData/Local
/Programs/MiKTeX 2.9/fonts/type1/urw/times/utmb8a.pfb><C:/Users/yeachan153/AppD
ata/Local/Programs/MiKTeX 2.9/fonts/type1/urw/times/utmr8a.pfb><C:/Users/yeacha
n153/AppData/Local/Programs/MiKTeX 2.9/fonts/type1/urw/times/utmri8a.pfb>
Output written on eacl2017.pdf (5 pages, 111891 bytes).
PDF statistics:
 47 PDF objects out of 1000 (max. 8388607)
 0 named destinations out of 1000 (max. 500000)
 1 words of extra memory for PDF output out of 10000 (max. 10000000)

